# JRE version: OpenJDK Runtime Environment (21.0.6) (build 21.0.6+-13391695-b895.109)
# Java VM: OpenJDK 64-Bit Server VM (21.0.6+-13391695-b895.109, mixed mode, tiered, compressed oops, compressed class ptrs, g1 gc, windows-amd64)
GC Precious Log:
 CardTable entry size: 512
 Card Set container configuration: InlinePtr #cards 5 size 8 Array Of Cards #cards 12 size 40 Howl #buckets 4 coarsen threshold 1843 Howl Bitmap #cards 512 size 80 coarsen threshold 460 Card regions per heap region 1 cards per card region 2048
 CPUs: 12 total, 12 available
 Memory: 15765M
 Large Page Support: Disabled
 NUMA Support: Disabled
 Compressed Oops: Enabled (32-bit)
 Heap Region Size: 1M
 Heap Min Capacity: 8M
 Heap Initial Capacity: 248M
 Heap Max Capacity: 2G
 Pre-touch: Disabled
 Parallel Workers: 10
 Concurrent Workers: 3
 Concurrent Refinement Workers: 10
 Periodic GC: Disabled
Heap:
 garbage-first heap   total 172032K, used 153282K [0x0000000080000000, 0x0000000100000000)
  region size 1024K, 63 young (64512K), 7 survivors (7168K)
 Metaspace       used 105068K, committed 107200K, reserved 1179648K
  class space    used 14476K, committed 15552K, reserved 1048576K
GC Heap History (20 events):
Event: 8.554 GC heap before
{Heap before GC invocations=20 (full 0):
 garbage-first heap   total 136192K, used 118215K [0x0000000080000000, 0x0000000100000000)
  region size 1024K, 54 young (55296K), 8 survivors (8192K)
 Metaspace       used 73535K, committed 75264K, reserved 1114112K
  class space    used 9877K, committed 10752K, reserved 1048576K
}
Event: 8.559 GC heap after
{Heap after GC invocations=21 (full 0):
 garbage-first heap   total 136192K, used 71875K [0x0000000080000000, 0x0000000100000000)
  region size 1024K, 2 young (2048K), 2 survivors (2048K)
 Metaspace       used 73535K, committed 75264K, reserved 1114112K
  class space    used 9877K, committed 10752K, reserved 1048576K
}
Event: 8.982 GC heap before
{Heap before GC invocations=21 (full 0):
 garbage-first heap   total 136192K, used 103619K [0x0000000080000000, 0x0000000100000000)
  region size 1024K, 34 young (34816K), 2 survivors (2048K)
 Metaspace       used 77453K, committed 79296K, reserved 1179648K
  class space    used 10440K, committed 11392K, reserved 1048576K
}
Event: 8.985 GC heap after
{Heap after GC invocations=22 (full 0):
 garbage-first heap   total 136192K, used 73869K [0x0000000080000000, 0x0000000100000000)
  region size 1024K, 4 young (4096K), 4 survivors (4096K)
 Metaspace       used 77453K, committed 79296K, reserved 1179648K
  class space    used 10440K, committed 11392K, reserved 1048576K
}
Event: 9.475 GC heap before
{Heap before GC invocations=23 (full 0):
 garbage-first heap   total 136192K, used 127117K [0x0000000080000000, 0x0000000100000000)
  region size 1024K, 51 young (52224K), 4 survivors (4096K)
 Metaspace       used 80266K, committed 82048K, reserved 1179648K
  class space    used 10815K, committed 11712K, reserved 1048576K
}
Event: 9.480 GC heap after
{Heap after GC invocations=24 (full 0):
 garbage-first heap   total 136192K, used 79188K [0x0000000080000000, 0x0000000100000000)
  region size 1024K, 7 young (7168K), 7 survivors (7168K)
 Metaspace       used 80266K, committed 82048K, reserved 1179648K
  class space    used 10815K, committed 11712K, reserved 1048576K
}
Event: 10.002 GC heap before
{Heap before GC invocations=24 (full 0):
 garbage-first heap   total 136192K, used 120148K [0x0000000080000000, 0x0000000100000000)
  region size 1024K, 47 young (48128K), 7 survivors (7168K)
 Metaspace       used 84644K, committed 86528K, reserved 1179648K
  class space    used 11377K, committed 12288K, reserved 1048576K
}
Event: 10.007 GC heap after
{Heap after GC invocations=25 (full 0):
 garbage-first heap   total 136192K, used 80518K [0x0000000080000000, 0x0000000100000000)
  region size 1024K, 3 young (3072K), 3 survivors (3072K)
 Metaspace       used 84644K, committed 86528K, reserved 1179648K
  class space    used 11377K, committed 12288K, reserved 1048576K
}
Event: 10.673 GC heap before
{Heap before GC invocations=25 (full 0):
 garbage-first heap   total 136192K, used 118406K [0x0000000080000000, 0x0000000100000000)
  region size 1024K, 41 young (41984K), 3 survivors (3072K)
 Metaspace       used 87590K, committed 89408K, reserved 1179648K
  class space    used 11763K, committed 12672K, reserved 1048576K
}
Event: 10.678 GC heap after
{Heap after GC invocations=26 (full 0):
 garbage-first heap   total 136192K, used 81584K [0x0000000080000000, 0x0000000100000000)
  region size 1024K, 4 young (4096K), 4 survivors (4096K)
 Metaspace       used 87590K, committed 89408K, reserved 1179648K
  class space    used 11763K, committed 12672K, reserved 1048576K
}
Event: 11.356 GC heap before
{Heap before GC invocations=27 (full 0):
 garbage-first heap   total 143360K, used 126640K [0x0000000080000000, 0x0000000100000000)
  region size 1024K, 45 young (46080K), 4 survivors (4096K)
 Metaspace       used 88996K, committed 90944K, reserved 1179648K
  class space    used 11972K, committed 12928K, reserved 1048576K
}
Event: 11.361 GC heap after
{Heap after GC invocations=28 (full 0):
 garbage-first heap   total 143360K, used 89497K [0x0000000080000000, 0x0000000100000000)
  region size 1024K, 6 young (6144K), 6 survivors (6144K)
 Metaspace       used 88996K, committed 90944K, reserved 1179648K
  class space    used 11972K, committed 12928K, reserved 1048576K
}
Event: 11.958 GC heap before
{Heap before GC invocations=28 (full 0):
 garbage-first heap   total 143360K, used 128409K [0x0000000080000000, 0x0000000100000000)
  region size 1024K, 45 young (46080K), 6 survivors (6144K)
 Metaspace       used 91605K, committed 93568K, reserved 1179648K
  class space    used 12328K, committed 13312K, reserved 1048576K
}
Event: 11.965 GC heap after
{Heap after GC invocations=29 (full 0):
 garbage-first heap   total 143360K, used 91031K [0x0000000080000000, 0x0000000100000000)
  region size 1024K, 3 young (3072K), 3 survivors (3072K)
 Metaspace       used 91605K, committed 93568K, reserved 1179648K
  class space    used 12328K, committed 13312K, reserved 1048576K
}
Event: 12.095 GC heap before
{Heap before GC invocations=29 (full 0):
 garbage-first heap   total 143360K, used 98199K [0x0000000080000000, 0x0000000100000000)
  region size 1024K, 11 young (11264K), 3 survivors (3072K)
 Metaspace       used 92149K, committed 94144K, reserved 1179648K
  class space    used 12400K, committed 13440K, reserved 1048576K
}
Event: 12.098 GC heap after
{Heap after GC invocations=30 (full 0):
 garbage-first heap   total 172032K, used 91447K [0x0000000080000000, 0x0000000100000000)
  region size 1024K, 3 young (3072K), 3 survivors (3072K)
 Metaspace       used 92149K, committed 94144K, reserved 1179648K
  class space    used 12400K, committed 13440K, reserved 1048576K
}
Event: 13.580 GC heap before
{Heap before GC invocations=30 (full 0):
 garbage-first heap   total 172032K, used 151863K [0x0000000080000000, 0x0000000100000000)
  region size 1024K, 61 young (62464K), 3 survivors (3072K)
 Metaspace       used 97038K, committed 99072K, reserved 1179648K
  class space    used 13236K, committed 14272K, reserved 1048576K
}
Event: 13.586 GC heap after
{Heap after GC invocations=31 (full 0):
 garbage-first heap   total 172032K, used 93351K [0x0000000080000000, 0x0000000100000000)
  region size 1024K, 5 young (5120K), 5 survivors (5120K)
 Metaspace       used 97038K, committed 99072K, reserved 1179648K
  class space    used 13236K, committed 14272K, reserved 1048576K
}
Event: 14.861 GC heap before
{Heap before GC invocations=31 (full 0):
 garbage-first heap   total 172032K, used 153767K [0x0000000080000000, 0x0000000100000000)
  region size 1024K, 64 young (65536K), 5 survivors (5120K)
 Metaspace       used 101084K, committed 103232K, reserved 1179648K
  class space    used 13828K, committed 14912K, reserved 1048576K
}
Event: 14.868 GC heap after
{Heap after GC invocations=32 (full 0):
 garbage-first heap   total 172032K, used 96962K [0x0000000080000000, 0x0000000100000000)
  region size 1024K, 7 young (7168K), 7 survivors (7168K)
 Metaspace       used 101084K, committed 103232K, reserved 1179648K
  class space    used 13828K, committed 14912K, reserved 1048576K
}

