# JRE version: OpenJDK Runtime Environment (21.0.6) (build 21.0.6+-13391695-b895.109)
# Java VM: OpenJDK 64-Bit Server VM (21.0.6+-13391695-b895.109, mixed mode, tiered, compressed oops, compressed class ptrs, g1 gc, windows-amd64)
GC Precious Log:
 CardTable entry size: 512
 Card Set container configuration: InlinePtr #cards 4 size 8 Array Of Cards #cards 16 size 48 Howl #buckets 8 coarsen threshold 3686 Howl Bitmap #cards 512 size 80 coarsen threshold 460 Card regions per heap region 1 cards per card region 4096
 CPUs: 12 total, 12 available
 Memory: 15765M
 Large Page Support: Disabled
 NUMA Support: Disabled
 Compressed Oops: Enabled (Zero based)
 Heap Region Size: 2M
 Heap Min Capacity: 8M
 Heap Initial Capacity: 248M
 Heap Max Capacity: 3942M
 Pre-touch: Disabled
 Parallel Workers: 10
 Concurrent Workers: 3
 Concurrent Refinement Workers: 10
 Periodic GC: Disabled
Heap:
 garbage-first heap   total 192512K, used 150696K [0x0000000709a00000, 0x0000000800000000)
  region size 2048K, 42 young (86016K), 6 survivors (12288K)
 Metaspace       used 76155K, committed 77056K, reserved 1179648K
  class space    used 8284K, committed 8704K, reserved 1048576K
GC Heap History (20 events):
Event: 2.160 GC heap before
{Heap before GC invocations=7 (full 0):
 garbage-first heap   total 47104K, used 32329K [0x0000000709a00000, 0x0000000800000000)
  region size 2048K, 8 young (16384K), 2 survivors (4096K)
 Metaspace       used 35742K, committed 35968K, reserved 1114112K
  class space    used 4344K, committed 4480K, reserved 1048576K
}
Event: 2.165 GC heap after
{Heap after GC invocations=8 (full 0):
 garbage-first heap   total 151552K, used 24131K [0x0000000709a00000, 0x0000000800000000)
  region size 2048K, 1 young (2048K), 1 survivors (2048K)
 Metaspace       used 35742K, committed 35968K, reserved 1114112K
  class space    used 4344K, committed 4480K, reserved 1048576K
}
Event: 3.028 GC heap before
{Heap before GC invocations=9 (full 0):
 garbage-first heap   total 81920K, used 81475K [0x0000000709a00000, 0x0000000800000000)
  region size 2048K, 28 young (57344K), 1 survivors (2048K)
 Metaspace       used 45356K, committed 46144K, reserved 1114112K
  class space    used 5438K, committed 5824K, reserved 1048576K
}
Event: 3.038 GC heap after
{Heap after GC invocations=10 (full 0):
 garbage-first heap   total 90112K, used 32493K [0x0000000709a00000, 0x0000000800000000)
  region size 2048K, 4 young (8192K), 4 survivors (8192K)
 Metaspace       used 45356K, committed 46144K, reserved 1114112K
  class space    used 5438K, committed 5824K, reserved 1048576K
}
Event: 3.427 GC heap before
{Heap before GC invocations=10 (full 0):
 garbage-first heap   total 90112K, used 73453K [0x0000000709a00000, 0x0000000800000000)
  region size 2048K, 24 young (49152K), 4 survivors (8192K)
 Metaspace       used 48368K, committed 49216K, reserved 1114112K
  class space    used 5734K, committed 6144K, reserved 1048576K
}
Event: 3.445 GC heap after
{Heap after GC invocations=11 (full 0):
 garbage-first heap   total 90112K, used 38643K [0x0000000709a00000, 0x0000000800000000)
  region size 2048K, 3 young (6144K), 3 survivors (6144K)
 Metaspace       used 48368K, committed 49216K, reserved 1114112K
  class space    used 5734K, committed 6144K, reserved 1048576K
}
Event: 3.688 GC heap before
{Heap before GC invocations=11 (full 0):
 garbage-first heap   total 90112K, used 73459K [0x0000000709a00000, 0x0000000800000000)
  region size 2048K, 20 young (40960K), 3 survivors (6144K)
 Metaspace       used 48848K, committed 49600K, reserved 1114112K
  class space    used 5769K, committed 6144K, reserved 1048576K
}
Event: 3.698 GC heap after
{Heap after GC invocations=12 (full 0):
 garbage-first heap   total 90112K, used 43306K [0x0000000709a00000, 0x0000000800000000)
  region size 2048K, 3 young (6144K), 3 survivors (6144K)
 Metaspace       used 48848K, committed 49600K, reserved 1114112K
  class space    used 5769K, committed 6144K, reserved 1048576K
}
Event: 3.881 GC heap before
{Heap before GC invocations=12 (full 0):
 garbage-first heap   total 90112K, used 76074K [0x0000000709a00000, 0x0000000800000000)
  region size 2048K, 18 young (36864K), 3 survivors (6144K)
 Metaspace       used 49004K, committed 49728K, reserved 1114112K
  class space    used 5779K, committed 6144K, reserved 1048576K
}
Event: 3.890 GC heap after
{Heap after GC invocations=13 (full 0):
 garbage-first heap   total 112640K, used 48723K [0x0000000709a00000, 0x0000000800000000)
  region size 2048K, 2 young (4096K), 2 survivors (4096K)
 Metaspace       used 49004K, committed 49728K, reserved 1114112K
  class space    used 5779K, committed 6144K, reserved 1048576K
}
Event: 4.079 GC heap before
{Heap before GC invocations=13 (full 0):
 garbage-first heap   total 112640K, used 95827K [0x0000000709a00000, 0x0000000800000000)
  region size 2048K, 25 young (51200K), 2 survivors (4096K)
 Metaspace       used 49004K, committed 49728K, reserved 1114112K
  class space    used 5779K, committed 6144K, reserved 1048576K
}
Event: 4.088 GC heap after
{Heap after GC invocations=14 (full 0):
 garbage-first heap   total 112640K, used 53028K [0x0000000709a00000, 0x0000000800000000)
  region size 2048K, 4 young (8192K), 4 survivors (8192K)
 Metaspace       used 49004K, committed 49728K, reserved 1114112K
  class space    used 5779K, committed 6144K, reserved 1048576K
}
Event: 4.185 GC heap before
{Heap before GC invocations=14 (full 0):
 garbage-first heap   total 112640K, used 96036K [0x0000000709a00000, 0x0000000800000000)
  region size 2048K, 25 young (51200K), 4 survivors (8192K)
 Metaspace       used 49046K, committed 49792K, reserved 1114112K
  class space    used 5779K, committed 6144K, reserved 1048576K
}
Event: 4.201 GC heap after
{Heap after GC invocations=15 (full 0):
 garbage-first heap   total 112640K, used 58700K [0x0000000709a00000, 0x0000000800000000)
  region size 2048K, 3 young (6144K), 3 survivors (6144K)
 Metaspace       used 49046K, committed 49792K, reserved 1114112K
  class space    used 5779K, committed 6144K, reserved 1048576K
}
Event: 4.828 GC heap before
{Heap before GC invocations=15 (full 0):
 garbage-first heap   total 112640K, used 97612K [0x0000000709a00000, 0x0000000800000000)
  region size 2048K, 22 young (45056K), 3 survivors (6144K)
 Metaspace       used 53977K, committed 54784K, reserved 1114112K
  class space    used 6353K, committed 6720K, reserved 1048576K
}
Event: 4.845 GC heap after
{Heap after GC invocations=16 (full 0):
 garbage-first heap   total 112640K, used 65316K [0x0000000709a00000, 0x0000000800000000)
  region size 2048K, 3 young (6144K), 3 survivors (6144K)
 Metaspace       used 53977K, committed 54784K, reserved 1114112K
  class space    used 6353K, committed 6720K, reserved 1048576K
}
Event: 5.600 GC heap before
{Heap before GC invocations=17 (full 0):
 garbage-first heap   total 112640K, used 98084K [0x0000000709a00000, 0x0000000800000000)
  region size 2048K, 19 young (38912K), 3 survivors (6144K)
 Metaspace       used 55156K, committed 55872K, reserved 1114112K
  class space    used 6437K, committed 6784K, reserved 1048576K
}
Event: 5.620 GC heap after
{Heap after GC invocations=18 (full 0):
 garbage-first heap   total 192512K, used 69412K [0x0000000709a00000, 0x0000000800000000)
  region size 2048K, 3 young (6144K), 3 survivors (6144K)
 Metaspace       used 55156K, committed 55872K, reserved 1114112K
  class space    used 6437K, committed 6784K, reserved 1048576K
}
Event: 7.257 GC heap before
{Heap before GC invocations=18 (full 0):
 garbage-first heap   total 192512K, used 153380K [0x0000000709a00000, 0x0000000800000000)
  region size 2048K, 45 young (92160K), 3 survivors (6144K)
 Metaspace       used 64895K, committed 65728K, reserved 1114112K
  class space    used 7344K, committed 7744K, reserved 1048576K
}
Event: 7.271 GC heap after
{Heap after GC invocations=19 (full 0):
 garbage-first heap   total 192512K, used 79016K [0x0000000709a00000, 0x0000000800000000)
  region size 2048K, 6 young (12288K), 6 survivors (12288K)
 Metaspace       used 64895K, committed 65728K, reserved 1114112K
  class space    used 7344K, committed 7744K, reserved 1048576K
}

